# Logfile created on 2025-03-31 14:55:54 -0300 by logger.rb/v1.6.6
D, [2025-03-31T14:55:58.222730 #21820] DEBUG -- : MONGODB | Topology type 'unknown' initializing.
D, [2025-03-31T14:55:58.223509 #21820] DEBUG -- : MONGODB | There was a change in the members of the 'Unknown' topology.
D, [2025-03-31T14:55:58.224598 #21820] DEBUG -- : MONGODB | Server rocklov-db:27017 initializing.
D, [2025-03-31T14:55:58.225421 #21820] DEBUG -- : MONGODB | Waiting for up to 30.00 seconds for servers to be scanned: #<Cluster topology=Unknown[rocklov-db:27017] servers=[#<Server address=rocklov-db:27017 UNKNOWN>]>
D, [2025-03-31T14:55:58.241311 #21820] DEBUG -- : MONGODB | Server description for rocklov-db:27017 changed from 'unknown' to 'standalone'.
D, [2025-03-31T14:55:58.243200 #21820] DEBUG -- : MONGODB | Topology type 'Unknown' changed to type 'Single'.
D, [2025-03-31T14:55:58.259550 #21820] DEBUG -- : MONGODB | rocklov-db:27017 req:5 conn:1:1 sconn:12 | rocklov.delete | STARTED | {"delete"=>"users", "ordered"=>true, "deletes"=>[{"q"=>{"email"=>"joab@gmail.com"}, "limit"=>0}], "$db"=>"rocklov", "lsid"=>{"id"=><BSON::Binary:0x2780 type=uuid data=0xb5abc64446cf4278...>}}
D, [2025-03-31T14:55:58.270643 #21820] DEBUG -- : MONGODB | rocklov-db:27017 req:5 | rocklov.delete | SUCCEEDED | 0.011s
D, [2025-08-28T19:07:58.654493 #14732] DEBUG -- : MONGODB | Topology type 'unknown' initializing.
D, [2025-08-28T19:07:58.656855 #14732] DEBUG -- : MONGODB | There was a change in the members of the 'Unknown' topology.
D, [2025-08-28T19:07:58.657194 #14732] DEBUG -- : MONGODB | Server rocklov-db:27017 initializing.
D, [2025-08-28T19:07:58.657485 #14732] DEBUG -- : MONGODB | Waiting for up to 30.00 seconds for servers to be scanned: #<Cluster topology=Unknown[rocklov-db:27017] servers=[#<Server address=rocklov-db:27017 UNKNOWN>]>
D, [2025-08-28T19:07:58.673688 #14732] DEBUG -- : MONGODB | Server description for rocklov-db:27017 changed from 'unknown' to 'standalone'.
D, [2025-08-28T19:07:58.674371 #14732] DEBUG -- : MONGODB | Topology type 'Unknown' changed to type 'Single'.
D, [2025-08-28T19:07:58.692360 #14732] DEBUG -- : MONGODB | rocklov-db:27017 req:5 conn:1:1 sconn:41 | rocklov.delete | STARTED | {"delete"=>"users", "ordered"=>true, "deletes"=>[{"q"=>{"email"=>"joab@gmail.com"}, "limit"=>0}], "$db"=>"rocklov", "lsid"=>{"id"=><BSON::Binary:0x2780 type=uuid data=0xa6a8c52c19bc4acc...>}}
D, [2025-08-28T19:07:58.708234 #14732] DEBUG -- : MONGODB | rocklov-db:27017 req:5 | rocklov.delete | SUCCEEDED | 0.014s
D, [2025-08-28T19:42:04.128994 #10772] DEBUG -- : MONGODB | Topology type 'unknown' initializing.
D, [2025-08-28T19:42:04.129706 #10772] DEBUG -- : MONGODB | There was a change in the members of the 'Unknown' topology.
D, [2025-08-28T19:42:04.131141 #10772] DEBUG -- : MONGODB | Server rocklov-db:27017 initializing.
D, [2025-08-28T19:42:04.133000 #10772] DEBUG -- : MONGODB | Waiting for up to 30.00 seconds for servers to be scanned: #<Cluster topology=Unknown[rocklov-db:27017] servers=[#<Server address=rocklov-db:27017 UNKNOWN>]>
D, [2025-08-28T19:42:04.152794 #10772] DEBUG -- : MONGODB | Server description for rocklov-db:27017 changed from 'unknown' to 'standalone'.
D, [2025-08-28T19:42:04.155786 #10772] DEBUG -- : MONGODB | Topology type 'Unknown' changed to type 'Single'.
D, [2025-08-28T19:42:04.174432 #10772] DEBUG -- : MONGODB | rocklov-db:27017 req:5 conn:1:1 sconn:48 | rocklov.delete | STARTED | {"delete"=>"users", "ordered"=>true, "deletes"=>[{"q"=>{"email"=>"joab@gmail.com"}, "limit"=>0}], "$db"=>"rocklov", "lsid"=>{"id"=><BSON::Binary:0x2780 type=uuid data=0xd2cbc87e641b48bf...>}}
D, [2025-08-28T19:42:04.186298 #10772] DEBUG -- : MONGODB | rocklov-db:27017 req:5 | rocklov.delete | SUCCEEDED | 0.011s
D, [2025-08-28T19:42:38.691065 #21812] DEBUG -- : MONGODB | Topology type 'unknown' initializing.
D, [2025-08-28T19:42:38.691808 #21812] DEBUG -- : MONGODB | There was a change in the members of the 'Unknown' topology.
D, [2025-08-28T19:42:38.692140 #21812] DEBUG -- : MONGODB | Server rocklov-db:27017 initializing.
D, [2025-08-28T19:42:38.693202 #21812] DEBUG -- : MONGODB | Waiting for up to 30.00 seconds for servers to be scanned: #<Cluster topology=Unknown[rocklov-db:27017] servers=[#<Server address=rocklov-db:27017 UNKNOWN>]>
D, [2025-08-28T19:42:38.701930 #21812] DEBUG -- : MONGODB | Server description for rocklov-db:27017 changed from 'unknown' to 'standalone'.
D, [2025-08-28T19:42:38.704496 #21812] DEBUG -- : MONGODB | Topology type 'Unknown' changed to type 'Single'.
D, [2025-08-28T19:42:38.729385 #21812] DEBUG -- : MONGODB | rocklov-db:27017 req:5 conn:1:1 sconn:51 | rocklov.delete | STARTED | {"delete"=>"users", "ordered"=>true, "deletes"=>[{"q"=>{"email"=>"joab@gmail.com"}, "limit"=>0}], "$db"=>"rocklov", "lsid"=>{"id"=><BSON::Binary:0x2780 type=uuid data=0xb57567839ba04feb...>}}
D, [2025-08-28T19:42:38.742967 #21812] DEBUG -- : MONGODB | rocklov-db:27017 req:5 | rocklov.delete | SUCCEEDED | 0.013s
D, [2025-09-01T18:06:22.920070 #6760] DEBUG -- : MONGODB | Topology type 'unknown' initializing.
D, [2025-09-01T18:06:22.922551 #6760] DEBUG -- : MONGODB | There was a change in the members of the 'Unknown' topology.
D, [2025-09-01T18:06:22.922925 #6760] DEBUG -- : MONGODB | Server rocklov-db:27017 initializing.
D, [2025-09-01T18:06:22.923316 #6760] DEBUG -- : MONGODB | Waiting for up to 30.00 seconds for servers to be scanned: #<Cluster topology=Unknown[rocklov-db:27017] servers=[#<Server address=rocklov-db:27017 UNKNOWN>]>
D, [2025-09-01T18:06:22.960642 #6760] DEBUG -- : MONGODB | Server description for rocklov-db:27017 changed from 'unknown' to 'standalone'.
D, [2025-09-01T18:06:22.967712 #6760] DEBUG -- : MONGODB | Topology type 'Unknown' changed to type 'Single'.
D, [2025-09-01T18:06:23.005232 #6760] DEBUG -- : MONGODB | rocklov-db:27017 req:5 conn:1:1 sconn:5 | rocklov.delete | STARTED | {"delete"=>"users", "ordered"=>true, "deletes"=>[{"q"=>{"email"=>"joab@gmail.com"}, "limit"=>0}], "$db"=>"rocklov", "lsid"=>{"id"=><BSON::Binary:0x2780 type=uuid data=0xce4c05616966427f...>}}
D, [2025-09-01T18:06:23.026903 #6760] DEBUG -- : MONGODB | rocklov-db:27017 req:5 | rocklov.delete | SUCCEEDED | 0.019s
D, [2025-09-01T18:30:28.406273 #25472] DEBUG -- : MONGODB | Topology type 'unknown' initializing.
D, [2025-09-01T18:30:28.408154 #25472] DEBUG -- : MONGODB | There was a change in the members of the 'Unknown' topology.
D, [2025-09-01T18:30:28.409608 #25472] DEBUG -- : MONGODB | Server rocklov-db:27017 initializing.
D, [2025-09-01T18:30:28.410066 #25472] DEBUG -- : MONGODB | Waiting for up to 30.00 seconds for servers to be scanned: #<Cluster topology=Unknown[rocklov-db:27017] servers=[#<Server address=rocklov-db:27017 UNKNOWN>]>
D, [2025-09-01T18:30:28.427563 #25472] DEBUG -- : MONGODB | Server description for rocklov-db:27017 changed from 'unknown' to 'standalone'.
D, [2025-09-01T18:30:28.429507 #25472] DEBUG -- : MONGODB | Topology type 'Unknown' changed to type 'Single'.
D, [2025-09-01T18:30:28.460238 #25472] DEBUG -- : MONGODB | rocklov-db:27017 req:5 conn:1:1 sconn:8 | rocklov.delete | STARTED | {"delete"=>"users", "ordered"=>true, "deletes"=>[{"q"=>{"email"=>"joab@gmail.com"}, "limit"=>0}], "$db"=>"rocklov", "lsid"=>{"id"=><BSON::Binary:0x2800 type=uuid data=0x9b839145179042d5...>}}
D, [2025-09-01T18:30:28.472307 #25472] DEBUG -- : MONGODB | rocklov-db:27017 req:5 | rocklov.delete | SUCCEEDED | 0.012s
D, [2025-09-01T18:42:29.244362 #13564] DEBUG -- : MONGODB | Topology type 'unknown' initializing.
D, [2025-09-01T18:42:29.258789 #13564] DEBUG -- : MONGODB | There was a change in the members of the 'Unknown' topology.
D, [2025-09-01T18:42:29.276762 #13564] DEBUG -- : MONGODB | Server rocklov-db:27017 initializing.
D, [2025-09-01T18:42:29.288203 #13564] DEBUG -- : MONGODB | Waiting for up to 29.99 seconds for servers to be scanned: #<Cluster topology=Unknown[rocklov-db:27017] servers=[#<Server address=rocklov-db:27017 UNKNOWN>]>
D, [2025-09-01T18:42:29.368259 #13564] DEBUG -- : MONGODB | Server description for rocklov-db:27017 changed from 'unknown' to 'standalone'.
D, [2025-09-01T18:42:29.374067 #13564] DEBUG -- : MONGODB | Topology type 'Unknown' changed to type 'Single'.
D, [2025-09-01T18:42:29.414436 #13564] DEBUG -- : MONGODB | rocklov-db:27017 req:5 conn:1:1 sconn:11 | rocklov.delete | STARTED | {"delete"=>"users", "ordered"=>true, "deletes"=>[{"q"=>{"email"=>"joab@gmail.com"}, "limit"=>0}], "$db"=>"rocklov", "lsid"=>{"id"=><BSON::Binary:0x2800 type=uuid data=0x78cfd6263bd94d9e...>}}
D, [2025-09-01T18:42:29.424065 #13564] DEBUG -- : MONGODB | rocklov-db:27017 req:5 | rocklov.delete | SUCCEEDED | 0.003s
D, [2025-09-01T18:52:45.449264 #7060] DEBUG -- : MONGODB | Topology type 'unknown' initializing.
D, [2025-09-01T18:52:45.453321 #7060] DEBUG -- : MONGODB | There was a change in the members of the 'Unknown' topology.
D, [2025-09-01T18:52:45.455961 #7060] DEBUG -- : MONGODB | Server rocklov-db:27017 initializing.
D, [2025-09-01T18:52:45.456571 #7060] DEBUG -- : MONGODB | Waiting for up to 30.00 seconds for servers to be scanned: #<Cluster topology=Unknown[rocklov-db:27017] servers=[#<Server address=rocklov-db:27017 UNKNOWN>]>
D, [2025-09-01T18:52:45.494762 #7060] DEBUG -- : MONGODB | Server description for rocklov-db:27017 changed from 'unknown' to 'standalone'.
D, [2025-09-01T18:52:45.501354 #7060] DEBUG -- : MONGODB | Topology type 'Unknown' changed to type 'Single'.
D, [2025-09-01T18:52:45.526397 #7060] DEBUG -- : MONGODB | rocklov-db:27017 req:5 conn:1:1 sconn:14 | rocklov.delete | STARTED | {"delete"=>"users", "ordered"=>true, "deletes"=>[{"q"=>{"email"=>"joab@gmail.com"}, "limit"=>0}], "$db"=>"rocklov", "lsid"=>{"id"=><BSON::Binary:0x2800 type=uuid data=0xfd44fd3d18094fd1...>}}
D, [2025-09-01T18:52:45.534640 #7060] DEBUG -- : MONGODB | rocklov-db:27017 req:5 | rocklov.delete | SUCCEEDED | 0.003s
D, [2025-09-01T19:06:06.989452 #14140] DEBUG -- : MONGODB | Topology type 'unknown' initializing.
D, [2025-09-01T19:06:06.990300 #14140] DEBUG -- : MONGODB | There was a change in the members of the 'Unknown' topology.
D, [2025-09-01T19:06:06.990657 #14140] DEBUG -- : MONGODB | Server rocklov-db:27017 initializing.
D, [2025-09-01T19:06:06.991195 #14140] DEBUG -- : MONGODB | Waiting for up to 30.00 seconds for servers to be scanned: #<Cluster topology=Unknown[rocklov-db:27017] servers=[#<Server address=rocklov-db:27017 UNKNOWN>]>
D, [2025-09-01T19:06:07.005515 #14140] DEBUG -- : MONGODB | Server description for rocklov-db:27017 changed from 'unknown' to 'standalone'.
D, [2025-09-01T19:06:07.006054 #14140] DEBUG -- : MONGODB | Topology type 'Unknown' changed to type 'Single'.
D, [2025-09-01T19:06:07.021087 #14140] DEBUG -- : MONGODB | rocklov-db:27017 req:5 conn:1:1 sconn:17 | rocklov.delete | STARTED | {"delete"=>"users", "ordered"=>true, "deletes"=>[{"q"=>{"email"=>"joab@gmail.com"}, "limit"=>0}], "$db"=>"rocklov", "lsid"=>{"id"=><BSON::Binary:0x2800 type=uuid data=0x4d9a6d0bab2c489f...>}}
D, [2025-09-01T19:06:07.032594 #14140] DEBUG -- : MONGODB | rocklov-db:27017 req:5 | rocklov.delete | SUCCEEDED | 0.011s
D, [2025-09-01T19:14:50.557911 #2860] DEBUG -- : MONGODB | Topology type 'unknown' initializing.
D, [2025-09-01T19:14:50.558601 #2860] DEBUG -- : MONGODB | There was a change in the members of the 'Unknown' topology.
D, [2025-09-01T19:14:50.558935 #2860] DEBUG -- : MONGODB | Server rocklov-db:27017 initializing.
D, [2025-09-01T19:14:50.559212 #2860] DEBUG -- : MONGODB | Waiting for up to 30.00 seconds for servers to be scanned: #<Cluster topology=Unknown[rocklov-db:27017] servers=[#<Server address=rocklov-db:27017 UNKNOWN>]>
D, [2025-09-01T19:14:50.574870 #2860] DEBUG -- : MONGODB | Server description for rocklov-db:27017 changed from 'unknown' to 'standalone'.
D, [2025-09-01T19:14:50.575593 #2860] DEBUG -- : MONGODB | Topology type 'Unknown' changed to type 'Single'.
D, [2025-09-01T19:14:50.591123 #2860] DEBUG -- : MONGODB | rocklov-db:27017 req:5 conn:1:1 sconn:20 | rocklov.delete | STARTED | {"delete"=>"users", "ordered"=>true, "deletes"=>[{"q"=>{"email"=>"joab@gmail.com"}, "limit"=>0}], "$db"=>"rocklov", "lsid"=>{"id"=><BSON::Binary:0x2800 type=uuid data=0x4bafc4ada00e46f6...>}}
D, [2025-09-01T19:14:50.603524 #2860] DEBUG -- : MONGODB | rocklov-db:27017 req:5 | rocklov.delete | SUCCEEDED | 0.012s
D, [2025-09-01T19:18:54.825925 #22060] DEBUG -- : MONGODB | Topology type 'unknown' initializing.
D, [2025-09-01T19:18:54.830742 #22060] DEBUG -- : MONGODB | There was a change in the members of the 'Unknown' topology.
D, [2025-09-01T19:18:54.836979 #22060] DEBUG -- : MONGODB | Server rocklov-db:27017 initializing.
D, [2025-09-01T19:18:54.848383 #22060] DEBUG -- : MONGODB | Waiting for up to 29.99 seconds for servers to be scanned: #<Cluster topology=Unknown[rocklov-db:27017] servers=[#<Server address=rocklov-db:27017 UNKNOWN>]>
D, [2025-09-01T19:18:54.885973 #22060] DEBUG -- : MONGODB | Server description for rocklov-db:27017 changed from 'unknown' to 'standalone'.
D, [2025-09-01T19:18:54.894281 #22060] DEBUG -- : MONGODB | Topology type 'Unknown' changed to type 'Single'.
D, [2025-09-01T19:18:54.943244 #22060] DEBUG -- : MONGODB | rocklov-db:27017 req:5 conn:1:1 sconn:23 | rocklov.delete | STARTED | {"delete"=>"users", "ordered"=>true, "deletes"=>[{"q"=>{"email"=>"joab@gmail.com"}, "limit"=>0}], "$db"=>"rocklov", "lsid"=>{"id"=><BSON::Binary:0x2800 type=uuid data=0x1d0b597ac3b14bd6...>}}
D, [2025-09-01T19:18:54.960405 #22060] DEBUG -- : MONGODB | rocklov-db:27017 req:5 | rocklov.delete | SUCCEEDED | 0.011s
D, [2025-09-01T19:25:46.616664 #22124] DEBUG -- : MONGODB | Topology type 'unknown' initializing.
D, [2025-09-01T19:25:46.626651 #22124] DEBUG -- : MONGODB | There was a change in the members of the 'Unknown' topology.
D, [2025-09-01T19:25:46.629990 #22124] DEBUG -- : MONGODB | Server rocklov-db:27017 initializing.
D, [2025-09-01T19:25:46.641188 #22124] DEBUG -- : MONGODB | Waiting for up to 29.99 seconds for servers to be scanned: #<Cluster topology=Unknown[rocklov-db:27017] servers=[#<Server address=rocklov-db:27017 UNKNOWN>]>
D, [2025-09-01T19:25:46.687717 #22124] DEBUG -- : MONGODB | Server description for rocklov-db:27017 changed from 'unknown' to 'standalone'.
D, [2025-09-01T19:25:46.691616 #22124] DEBUG -- : MONGODB | Topology type 'Unknown' changed to type 'Single'.
D, [2025-09-01T19:25:46.718922 #22124] DEBUG -- : MONGODB | rocklov-db:27017 req:5 conn:1:1 sconn:25 | rocklov.delete | STARTED | {"delete"=>"users", "ordered"=>true, "deletes"=>[{"q"=>{"email"=>"joab@gmail.com"}, "limit"=>0}], "$db"=>"rocklov", "lsid"=>{"id"=><BSON::Binary:0x2800 type=uuid data=0x0657990713c94511...>}}
D, [2025-09-01T19:25:46.740119 #22124] DEBUG -- : MONGODB | rocklov-db:27017 req:5 | rocklov.delete | SUCCEEDED | 0.017s
D, [2025-09-01T19:25:47.845145 #22124] DEBUG -- : MONGODB | Topology type 'unknown' initializing.
D, [2025-09-01T19:25:47.845479 #22124] DEBUG -- : MONGODB | There was a change in the members of the 'Unknown' topology.
D, [2025-09-01T19:25:47.845755 #22124] DEBUG -- : MONGODB | Server rocklov-db:27017 initializing.
D, [2025-09-01T19:25:47.845997 #22124] DEBUG -- : MONGODB | Waiting for up to 30.00 seconds for servers to be scanned: #<Cluster topology=Unknown[rocklov-db:27017] servers=[#<Server address=rocklov-db:27017 UNKNOWN>]>
D, [2025-09-01T19:25:47.861111 #22124] DEBUG -- : MONGODB | Server description for rocklov-db:27017 changed from 'unknown' to 'standalone'.
D, [2025-09-01T19:25:47.861750 #22124] DEBUG -- : MONGODB | Topology type 'Unknown' changed to type 'Single'.
D, [2025-09-01T19:25:47.878655 #22124] DEBUG -- : MONGODB | rocklov-db:27017 req:8 conn:1:1 sconn:28 | rocklov.delete | STARTED | {"delete"=>"users", "ordered"=>true, "deletes"=>[{"q"=>{"email"=>"joab@gmail.com"}, "limit"=>0}], "$db"=>"rocklov", "lsid"=>{"id"=><BSON::Binary:0x2920 type=uuid data=0x862f2e692bf0457b...>}}
D, [2025-09-01T19:25:47.890118 #22124] DEBUG -- : MONGODB | rocklov-db:27017 req:8 | rocklov.delete | SUCCEEDED | 0.011s
D, [2025-09-01T19:25:48.701683 #22124] DEBUG -- : MONGODB | Topology type 'unknown' initializing.
D, [2025-09-01T19:25:48.702199 #22124] DEBUG -- : MONGODB | There was a change in the members of the 'Unknown' topology.
D, [2025-09-01T19:25:48.702477 #22124] DEBUG -- : MONGODB | Server rocklov-db:27017 initializing.
D, [2025-09-01T19:25:48.702893 #22124] DEBUG -- : MONGODB | Waiting for up to 30.00 seconds for servers to be scanned: #<Cluster topology=Unknown[rocklov-db:27017] servers=[#<Server address=rocklov-db:27017 UNKNOWN>]>
D, [2025-09-01T19:25:48.721520 #22124] DEBUG -- : MONGODB | Server description for rocklov-db:27017 changed from 'unknown' to 'standalone'.
D, [2025-09-01T19:25:48.729065 #22124] DEBUG -- : MONGODB | Topology type 'Unknown' changed to type 'Single'.
D, [2025-09-01T19:25:48.753431 #22124] DEBUG -- : MONGODB | rocklov-db:27017 req:11 conn:1:1 sconn:30 | rocklov.delete | STARTED | {"delete"=>"users", "ordered"=>true, "deletes"=>[{"q"=>{"email"=>""}, "limit"=>0}], "$db"=>"rocklov", "lsid"=>{"id"=><BSON::Binary:0x3040 type=uuid data=0x21063b52fd4f4a6d...>}}
D, [2025-09-01T19:25:48.772465 #22124] DEBUG -- : MONGODB | rocklov-db:27017 req:11 | rocklov.delete | SUCCEEDED | 0.014s
D, [2025-09-01T19:25:49.530127 #22124] DEBUG -- : MONGODB | Topology type 'unknown' initializing.
D, [2025-09-01T19:25:49.531121 #22124] DEBUG -- : MONGODB | There was a change in the members of the 'Unknown' topology.
D, [2025-09-01T19:25:49.531561 #22124] DEBUG -- : MONGODB | Server rocklov-db:27017 initializing.
D, [2025-09-01T19:25:49.532036 #22124] DEBUG -- : MONGODB | Waiting for up to 30.00 seconds for servers to be scanned: #<Cluster topology=Unknown[rocklov-db:27017] servers=[#<Server address=rocklov-db:27017 UNKNOWN>]>
D, [2025-09-01T19:25:49.547808 #22124] DEBUG -- : MONGODB | Server description for rocklov-db:27017 changed from 'unknown' to 'standalone'.
D, [2025-09-01T19:25:49.549103 #22124] DEBUG -- : MONGODB | Topology type 'Unknown' changed to type 'Single'.
D, [2025-09-01T19:25:49.568162 #22124] DEBUG -- : MONGODB | rocklov-db:27017 req:14 conn:1:1 sconn:32 | rocklov.delete | STARTED | {"delete"=>"users", "ordered"=>true, "deletes"=>[{"q"=>{"email"=>"joab&gmail.com"}, "limit"=>0}], "$db"=>"rocklov", "lsid"=>{"id"=><BSON::Binary:0x3160 type=uuid data=0x1a62910b4b0c4323...>}}
D, [2025-09-01T19:25:49.581028 #22124] DEBUG -- : MONGODB | rocklov-db:27017 req:14 | rocklov.delete | SUCCEEDED | 0.012s
D, [2025-09-01T19:25:50.473005 #22124] DEBUG -- : MONGODB | Topology type 'unknown' initializing.
D, [2025-09-01T19:25:50.473574 #22124] DEBUG -- : MONGODB | There was a change in the members of the 'Unknown' topology.
D, [2025-09-01T19:25:50.473929 #22124] DEBUG -- : MONGODB | Server rocklov-db:27017 initializing.
D, [2025-09-01T19:25:50.474731 #22124] DEBUG -- : MONGODB | Waiting for up to 30.00 seconds for servers to be scanned: #<Cluster topology=Unknown[rocklov-db:27017] servers=[#<Server address=rocklov-db:27017 UNKNOWN>]>
D, [2025-09-01T19:25:50.493809 #22124] DEBUG -- : MONGODB | Server description for rocklov-db:27017 changed from 'unknown' to 'standalone'.
D, [2025-09-01T19:25:50.494453 #22124] DEBUG -- : MONGODB | Topology type 'Unknown' changed to type 'Single'.
D, [2025-09-01T19:25:50.519068 #22124] DEBUG -- : MONGODB | rocklov-db:27017 req:17 conn:1:1 sconn:34 | rocklov.delete | STARTED | {"delete"=>"users", "ordered"=>true, "deletes"=>[{"q"=>{"email"=>"joab@gmail.com"}, "limit"=>0}], "$db"=>"rocklov", "lsid"=>{"id"=><BSON::Binary:0x3280 type=uuid data=0x3fc50e959c1a428b...>}}
D, [2025-09-01T19:25:50.531171 #22124] DEBUG -- : MONGODB | rocklov-db:27017 req:17 | rocklov.delete | SUCCEEDED | 0.011s
D, [2025-09-01T20:12:16.439341 #2572] DEBUG -- : MONGODB | Topology type 'unknown' initializing.
D, [2025-09-01T20:12:16.440326 #2572] DEBUG -- : MONGODB | There was a change in the members of the 'Unknown' topology.
D, [2025-09-01T20:12:16.441299 #2572] DEBUG -- : MONGODB | Server rocklov-db:27017 initializing.
D, [2025-09-01T20:12:16.442980 #2572] DEBUG -- : MONGODB | Waiting for up to 30.00 seconds for servers to be scanned: #<Cluster topology=Unknown[rocklov-db:27017] servers=[#<Server address=rocklov-db:27017 UNKNOWN>]>
D, [2025-09-01T20:12:16.475289 #2572] DEBUG -- : MONGODB | Server description for rocklov-db:27017 changed from 'unknown' to 'standalone'.
D, [2025-09-01T20:12:16.481869 #2572] DEBUG -- : MONGODB | Topology type 'Unknown' changed to type 'Single'.
D, [2025-09-01T20:12:16.518753 #2572] DEBUG -- : MONGODB | rocklov-db:27017 req:5 conn:1:1 sconn:36 | rocklov.delete | STARTED | {"delete"=>"users", "ordered"=>true, "deletes"=>[{"q"=>{"email"=>"joab@gmail.com"}, "limit"=>0}], "$db"=>"rocklov", "lsid"=>{"id"=><BSON::Binary:0x2800 type=uuid data=0xe9d39d00c7b2406c...>}}
D, [2025-09-01T20:12:16.540989 #2572] DEBUG -- : MONGODB | rocklov-db:27017 req:5 | rocklov.delete | SUCCEEDED | 0.016s
D, [2025-09-01T20:12:17.654662 #2572] DEBUG -- : MONGODB | Topology type 'unknown' initializing.
D, [2025-09-01T20:12:17.655273 #2572] DEBUG -- : MONGODB | There was a change in the members of the 'Unknown' topology.
D, [2025-09-01T20:12:17.655742 #2572] DEBUG -- : MONGODB | Server rocklov-db:27017 initializing.
D, [2025-09-01T20:12:17.656026 #2572] DEBUG -- : MONGODB | Waiting for up to 30.00 seconds for servers to be scanned: #<Cluster topology=Unknown[rocklov-db:27017] servers=[#<Server address=rocklov-db:27017 UNKNOWN>]>
D, [2025-09-01T20:12:17.671144 #2572] DEBUG -- : MONGODB | Server description for rocklov-db:27017 changed from 'unknown' to 'standalone'.
D, [2025-09-01T20:12:17.672269 #2572] DEBUG -- : MONGODB | Topology type 'Unknown' changed to type 'Single'.
D, [2025-09-01T20:12:17.687067 #2572] DEBUG -- : MONGODB | rocklov-db:27017 req:8 conn:1:1 sconn:39 | rocklov.delete | STARTED | {"delete"=>"users", "ordered"=>true, "deletes"=>[{"q"=>{"email"=>"joab@gmail.com"}, "limit"=>0}], "$db"=>"rocklov", "lsid"=>{"id"=><BSON::Binary:0x2920 type=uuid data=0x1ef69f3d69914264...>}}
D, [2025-09-01T20:12:17.699082 #2572] DEBUG -- : MONGODB | rocklov-db:27017 req:8 | rocklov.delete | SUCCEEDED | 0.012s
D, [2025-09-01T20:12:18.415321 #2572] DEBUG -- : MONGODB | Topology type 'unknown' initializing.
D, [2025-09-01T20:12:18.415989 #2572] DEBUG -- : MONGODB | There was a change in the members of the 'Unknown' topology.
D, [2025-09-01T20:12:18.416321 #2572] DEBUG -- : MONGODB | Server rocklov-db:27017 initializing.
D, [2025-09-01T20:12:18.416573 #2572] DEBUG -- : MONGODB | Waiting for up to 30.00 seconds for servers to be scanned: #<Cluster topology=Unknown[rocklov-db:27017] servers=[#<Server address=rocklov-db:27017 UNKNOWN>]>
D, [2025-09-01T20:12:18.432115 #2572] DEBUG -- : MONGODB | Server description for rocklov-db:27017 changed from 'unknown' to 'standalone'.
D, [2025-09-01T20:12:18.432607 #2572] DEBUG -- : MONGODB | Topology type 'Unknown' changed to type 'Single'.
D, [2025-09-01T20:12:18.457790 #2572] DEBUG -- : MONGODB | rocklov-db:27017 req:11 conn:1:1 sconn:41 | rocklov.delete | STARTED | {"delete"=>"users", "ordered"=>true, "deletes"=>[{"q"=>{"email"=>""}, "limit"=>0}], "$db"=>"rocklov", "lsid"=>{"id"=><BSON::Binary:0x3040 type=uuid data=0x3ea21249115a44a0...>}}
D, [2025-09-01T20:12:18.478357 #2572] DEBUG -- : MONGODB | rocklov-db:27017 req:11 | rocklov.delete | SUCCEEDED | 0.015s
D, [2025-09-01T20:12:19.277084 #2572] DEBUG -- : MONGODB | Topology type 'unknown' initializing.
D, [2025-09-01T20:12:19.278167 #2572] DEBUG -- : MONGODB | There was a change in the members of the 'Unknown' topology.
D, [2025-09-01T20:12:19.278980 #2572] DEBUG -- : MONGODB | Server rocklov-db:27017 initializing.
D, [2025-09-01T20:12:19.279447 #2572] DEBUG -- : MONGODB | Waiting for up to 30.00 seconds for servers to be scanned: #<Cluster topology=Unknown[rocklov-db:27017] servers=[#<Server address=rocklov-db:27017 UNKNOWN>]>
D, [2025-09-01T20:12:19.294131 #2572] DEBUG -- : MONGODB | Server description for rocklov-db:27017 changed from 'unknown' to 'standalone'.
D, [2025-09-01T20:12:19.294734 #2572] DEBUG -- : MONGODB | Topology type 'Unknown' changed to type 'Single'.
D, [2025-09-01T20:12:19.311875 #2572] DEBUG -- : MONGODB | rocklov-db:27017 req:14 conn:1:1 sconn:43 | rocklov.delete | STARTED | {"delete"=>"users", "ordered"=>true, "deletes"=>[{"q"=>{"email"=>"joab#gmail.com"}, "limit"=>0}], "$db"=>"rocklov", "lsid"=>{"id"=><BSON::Binary:0x3160 type=uuid data=0x2e6cf0600aa043ed...>}}
D, [2025-09-01T20:12:19.323993 #2572] DEBUG -- : MONGODB | rocklov-db:27017 req:14 | rocklov.delete | SUCCEEDED | 0.011s
D, [2025-09-01T20:12:20.134890 #2572] DEBUG -- : MONGODB | Topology type 'unknown' initializing.
D, [2025-09-01T20:12:20.138769 #2572] DEBUG -- : MONGODB | There was a change in the members of the 'Unknown' topology.
D, [2025-09-01T20:12:20.140677 #2572] DEBUG -- : MONGODB | Server rocklov-db:27017 initializing.
D, [2025-09-01T20:12:20.141341 #2572] DEBUG -- : MONGODB | Waiting for up to 30.00 seconds for servers to be scanned: #<Cluster topology=Unknown[rocklov-db:27017] servers=[#<Server address=rocklov-db:27017 UNKNOWN>]>
D, [2025-09-01T20:12:20.170579 #2572] DEBUG -- : MONGODB | Server description for rocklov-db:27017 changed from 'unknown' to 'standalone'.
D, [2025-09-01T20:12:20.171714 #2572] DEBUG -- : MONGODB | Topology type 'Unknown' changed to type 'Single'.
D, [2025-09-01T20:12:20.190054 #2572] DEBUG -- : MONGODB | rocklov-db:27017 req:17 conn:1:1 sconn:45 | rocklov.delete | STARTED | {"delete"=>"users", "ordered"=>true, "deletes"=>[{"q"=>{"email"=>"joab@gmail.com"}, "limit"=>0}], "$db"=>"rocklov", "lsid"=>{"id"=><BSON::Binary:0x3280 type=uuid data=0xddd31d5ab790412c...>}}
D, [2025-09-01T20:12:20.192315 #2572] DEBUG -- : MONGODB | rocklov-db:27017 req:17 | rocklov.delete | SUCCEEDED | 0.002s
D, [2025-09-01T20:14:04.490925 #10352] DEBUG -- : MONGODB | Topology type 'unknown' initializing.
D, [2025-09-01T20:14:04.493171 #10352] DEBUG -- : MONGODB | There was a change in the members of the 'Unknown' topology.
D, [2025-09-01T20:14:04.493554 #10352] DEBUG -- : MONGODB | Server rocklov-db:27017 initializing.
D, [2025-09-01T20:14:04.493909 #10352] DEBUG -- : MONGODB | Waiting for up to 30.00 seconds for servers to be scanned: #<Cluster topology=Unknown[rocklov-db:27017] servers=[#<Server address=rocklov-db:27017 UNKNOWN>]>
D, [2025-09-01T20:14:04.524694 #10352] DEBUG -- : MONGODB | Server description for rocklov-db:27017 changed from 'unknown' to 'standalone'.
D, [2025-09-01T20:14:04.530206 #10352] DEBUG -- : MONGODB | Topology type 'Unknown' changed to type 'Single'.
D, [2025-09-01T20:14:04.573028 #10352] DEBUG -- : MONGODB | rocklov-db:27017 req:5 conn:1:1 sconn:47 | rocklov.delete | STARTED | {"delete"=>"users", "ordered"=>true, "deletes"=>[{"q"=>{"email"=>"joab@gmail.com"}, "limit"=>0}], "$db"=>"rocklov", "lsid"=>{"id"=><BSON::Binary:0x2800 type=uuid data=0xc6f3861eb6d04f0a...>}}
D, [2025-09-01T20:14:04.598021 #10352] DEBUG -- : MONGODB | rocklov-db:27017 req:5 | rocklov.delete | SUCCEEDED | 0.019s
D, [2025-09-01T20:14:05.692215 #10352] DEBUG -- : MONGODB | Topology type 'unknown' initializing.
D, [2025-09-01T20:14:05.692584 #10352] DEBUG -- : MONGODB | There was a change in the members of the 'Unknown' topology.
D, [2025-09-01T20:14:05.692841 #10352] DEBUG -- : MONGODB | Server rocklov-db:27017 initializing.
D, [2025-09-01T20:14:05.693126 #10352] DEBUG -- : MONGODB | Waiting for up to 30.00 seconds for servers to be scanned: #<Cluster topology=Unknown[rocklov-db:27017] servers=[#<Server address=rocklov-db:27017 UNKNOWN>]>
D, [2025-09-01T20:14:05.706629 #10352] DEBUG -- : MONGODB | Server description for rocklov-db:27017 changed from 'unknown' to 'standalone'.
D, [2025-09-01T20:14:05.707125 #10352] DEBUG -- : MONGODB | Topology type 'Unknown' changed to type 'Single'.
D, [2025-09-01T20:14:05.721641 #10352] DEBUG -- : MONGODB | rocklov-db:27017 req:8 conn:1:1 sconn:49 | rocklov.delete | STARTED | {"delete"=>"users", "ordered"=>true, "deletes"=>[{"q"=>{"email"=>"joab@gmail.com"}, "limit"=>0}], "$db"=>"rocklov", "lsid"=>{"id"=><BSON::Binary:0x2920 type=uuid data=0xad8610c71d5f408c...>}}
D, [2025-09-01T20:14:05.733035 #10352] DEBUG -- : MONGODB | rocklov-db:27017 req:8 | rocklov.delete | SUCCEEDED | 0.011s
D, [2025-09-01T20:14:06.530789 #10352] DEBUG -- : MONGODB | Topology type 'unknown' initializing.
D, [2025-09-01T20:14:06.531628 #10352] DEBUG -- : MONGODB | There was a change in the members of the 'Unknown' topology.
D, [2025-09-01T20:14:06.535070 #10352] DEBUG -- : MONGODB | Server rocklov-db:27017 initializing.
D, [2025-09-01T20:14:06.542160 #10352] DEBUG -- : MONGODB | Waiting for up to 29.99 seconds for servers to be scanned: #<Cluster topology=Unknown[rocklov-db:27017] servers=[#<Server address=rocklov-db:27017 UNKNOWN>]>
D, [2025-09-01T20:14:06.574929 #10352] DEBUG -- : MONGODB | Server description for rocklov-db:27017 changed from 'unknown' to 'standalone'.
D, [2025-09-01T20:14:06.578995 #10352] DEBUG -- : MONGODB | Topology type 'Unknown' changed to type 'Single'.
D, [2025-09-01T20:14:06.619140 #10352] DEBUG -- : MONGODB | rocklov-db:27017 req:11 conn:1:1 sconn:51 | rocklov.delete | STARTED | {"delete"=>"users", "ordered"=>true, "deletes"=>[{"q"=>{"email"=>""}, "limit"=>0}], "$db"=>"rocklov", "lsid"=>{"id"=><BSON::Binary:0x3040 type=uuid data=0xe68e16e3074f4105...>}}
D, [2025-09-01T20:14:06.630311 #10352] DEBUG -- : MONGODB | rocklov-db:27017 req:11 | rocklov.delete | SUCCEEDED | 0.011s
D, [2025-09-01T20:14:07.442008 #10352] DEBUG -- : MONGODB | Topology type 'unknown' initializing.
D, [2025-09-01T20:14:07.444933 #10352] DEBUG -- : MONGODB | There was a change in the members of the 'Unknown' topology.
D, [2025-09-01T20:14:07.445234 #10352] DEBUG -- : MONGODB | Server rocklov-db:27017 initializing.
D, [2025-09-01T20:14:07.445556 #10352] DEBUG -- : MONGODB | Waiting for up to 30.00 seconds for servers to be scanned: #<Cluster topology=Unknown[rocklov-db:27017] servers=[#<Server address=rocklov-db:27017 UNKNOWN>]>
D, [2025-09-01T20:14:07.463891 #10352] DEBUG -- : MONGODB | Server description for rocklov-db:27017 changed from 'unknown' to 'standalone'.
D, [2025-09-01T20:14:07.465279 #10352] DEBUG -- : MONGODB | Topology type 'Unknown' changed to type 'Single'.
D, [2025-09-01T20:14:07.485409 #10352] DEBUG -- : MONGODB | rocklov-db:27017 req:14 conn:1:1 sconn:53 | rocklov.delete | STARTED | {"delete"=>"users", "ordered"=>true, "deletes"=>[{"q"=>{"email"=>"joab#gmail.com"}, "limit"=>0}], "$db"=>"rocklov", "lsid"=>{"id"=><BSON::Binary:0x3160 type=uuid data=0x1142302836e74a8d...>}}
D, [2025-09-01T20:14:07.498026 #10352] DEBUG -- : MONGODB | rocklov-db:27017 req:14 | rocklov.delete | SUCCEEDED | 0.012s
D, [2025-09-01T20:14:08.377148 #10352] DEBUG -- : MONGODB | Topology type 'unknown' initializing.
D, [2025-09-01T20:14:08.378065 #10352] DEBUG -- : MONGODB | There was a change in the members of the 'Unknown' topology.
D, [2025-09-01T20:14:08.378671 #10352] DEBUG -- : MONGODB | Server rocklov-db:27017 initializing.
D, [2025-09-01T20:14:08.379583 #10352] DEBUG -- : MONGODB | Waiting for up to 30.00 seconds for servers to be scanned: #<Cluster topology=Unknown[rocklov-db:27017] servers=[#<Server address=rocklov-db:27017 UNKNOWN>]>
D, [2025-09-01T20:14:08.397919 #10352] DEBUG -- : MONGODB | Server description for rocklov-db:27017 changed from 'unknown' to 'standalone'.
D, [2025-09-01T20:14:08.398793 #10352] DEBUG -- : MONGODB | Topology type 'Unknown' changed to type 'Single'.
D, [2025-09-01T20:14:08.418507 #10352] DEBUG -- : MONGODB | rocklov-db:27017 req:17 conn:1:1 sconn:55 | rocklov.delete | STARTED | {"delete"=>"users", "ordered"=>true, "deletes"=>[{"q"=>{"email"=>"joab@gmail.com"}, "limit"=>0}], "$db"=>"rocklov", "lsid"=>{"id"=><BSON::Binary:0x3280 type=uuid data=0x4f3a7f48012e479e...>}}
D, [2025-09-01T20:14:08.430616 #10352] DEBUG -- : MONGODB | rocklov-db:27017 req:17 | rocklov.delete | SUCCEEDED | 0.011s
